<?xml version="1.0" encoding="UTF-8"?>
<testsuite xmlns:xsi="http://www.w3.org/2001/XMLSchema-instance" xsi:noNamespaceSchemaLocation="https://maven.apache.org/surefire/maven-surefire-plugin/xsd/surefire-test-report-3.0.xsd" version="3.0" name="com.wellness360.taskmanagement.service.TaskServiceTest" time="0.075" tests="10" errors="0" skipped="0" failures="0">
  <properties>
[...]
</properties>
  <testcase name="shouldDeleteTaskSuccessfully" classname="com.wellness360.taskmanagement.service.TaskServiceTest" time="0.04"/>
  <testcase name="shouldUpdateTaskSuccessfully" classname="com.wellness360.taskmanagement.service.TaskServiceTest" time="0.004"/>
  <testcase name="shouldThrowExceptionWhenTaskNotFound" classname="com.wellness360.taskmanagement.service.TaskServiceTest" time="0.004"/>
  <testcase name="shouldUpdateOnlyProvidedFields" classname="com.wellness360.taskmanagement.service.TaskServiceTest" time="0.002"/>
  <testcase name="shouldMarkTaskAsCompleted" classname="com.wellness360.taskmanagement.service.TaskServiceTest" time="0.002"/>
  <testcase name="shouldReturnAllTasks" classname="com.wellness360.taskmanagement.service.TaskServiceTest" time="0.003"/>
  <testcase name="shouldCreateTaskSuccessfully" classname="com.wellness360.taskmanagement.service.TaskServiceTest" time="0.002"/>
  <testcase name="shouldThrowExceptionWhenDeletingNonExistingTask" classname="com.wellness360.taskmanagement.service.TaskServiceTest" time="0.005"/>
  <testcase name="shouldReturnTaskById" classname="com.wellness360.taskmanagement.service.TaskServiceTest" time="0.001"/>
  <testcase name="shouldTrimTaskTitleBeforeSaving" classname="com.wellness360.taskmanagement.service.TaskServiceTest" time="0.007"/>
</testsuite>